# JRE version: OpenJDK Runtime Environment (11.0.10) (build 11.0.10+0-b96-7249189)
# Java VM: OpenJDK 64-Bit Server VM (11.0.10+0-b96-7249189, mixed mode, tiered, compressed oops, g1 gc, windows-amd64)
Heap:
 garbage-first heap   total 430080K, used 318997K [0x0000000080000000, 0x0000000100000000)
  region size 1024K, 45 young (46080K), 13 survivors (13312K)
 Metaspace       used 141434K, capacity 145564K, committed 145688K, reserved 1175552K
  class space    used 17476K, capacity 19013K, committed 19020K, reserved 1048576K
GC Heap History (20 events):
Event: 103.384 GC heap before
{Heap before GC invocations=104 (full 0):
 garbage-first heap   total 430080K, used 370942K [0x0000000080000000, 0x0000000100000000)
  region size 1024K, 176 young (180224K), 13 survivors (13312K)
 Metaspace       used 128454K, capacity 132248K, committed 132376K, reserved 1165312K
  class space    used 16050K, capacity 17426K, committed 17484K, reserved 1048576K
}
Event: 103.395 GC heap after
{Heap after GC invocations=105 (full 0):
 garbage-first heap   total 430080K, used 202198K [0x0000000080000000, 0x0000000100000000)
  region size 1024K, 10 young (10240K), 10 survivors (10240K)
 Metaspace       used 128454K, capacity 132248K, committed 132376K, reserved 1165312K
  class space    used 16050K, capacity 17426K, committed 17484K, reserved 1048576K
}
Event: 103.893 GC heap before
{Heap before GC invocations=105 (full 0):
 garbage-first heap   total 430080K, used 372182K [0x0000000080000000, 0x0000000100000000)
  region size 1024K, 176 young (180224K), 10 survivors (10240K)
 Metaspace       used 128459K, capacity 132249K, committed 132376K, reserved 1165312K
  class space    used 16050K, capacity 17426K, committed 17484K, reserved 1048576K
}
Event: 103.900 GC heap after
{Heap after GC invocations=106 (full 0):
 garbage-first heap   total 430080K, used 200102K [0x0000000080000000, 0x0000000100000000)
  region size 1024K, 8 young (8192K), 8 survivors (8192K)
 Metaspace       used 128459K, capacity 132249K, committed 132376K, reserved 1165312K
  class space    used 16050K, capacity 17426K, committed 17484K, reserved 1048576K
}
Event: 104.380 GC heap before
{Heap before GC invocations=106 (full 0):
 garbage-first heap   total 430080K, used 373158K [0x0000000080000000, 0x0000000100000000)
  region size 1024K, 177 young (181248K), 8 survivors (8192K)
 Metaspace       used 128460K, capacity 132249K, committed 132376K, reserved 1165312K
  class space    used 16050K, capacity 17426K, committed 17484K, reserved 1048576K
}
Event: 104.385 GC heap after
{Heap after GC invocations=107 (full 0):
 garbage-first heap   total 430080K, used 199638K [0x0000000080000000, 0x0000000100000000)
  region size 1024K, 7 young (7168K), 7 survivors (7168K)
 Metaspace       used 128460K, capacity 132249K, committed 132376K, reserved 1165312K
  class space    used 16050K, capacity 17426K, committed 17484K, reserved 1048576K
}
Event: 105.182 GC heap before
{Heap before GC invocations=107 (full 0):
 garbage-first heap   total 430080K, used 390101K [0x0000000080000000, 0x0000000100000000)
  region size 1024K, 178 young (182272K), 7 survivors (7168K)
 Metaspace       used 129517K, capacity 133324K, committed 133528K, reserved 1165312K
  class space    used 16173K, capacity 17559K, committed 17612K, reserved 1048576K
}
Event: 105.198 GC heap after
{Heap after GC invocations=108 (full 0):
 garbage-first heap   total 430080K, used 223522K [0x0000000080000000, 0x0000000100000000)
  region size 1024K, 21 young (21504K), 21 survivors (21504K)
 Metaspace       used 129517K, capacity 133324K, committed 133528K, reserved 1165312K
  class space    used 16173K, capacity 17559K, committed 17612K, reserved 1048576K
}
Event: 106.143 GC heap before
{Heap before GC invocations=108 (full 0):
 garbage-first heap   total 430080K, used 364834K [0x0000000080000000, 0x0000000100000000)
  region size 1024K, 156 young (159744K), 21 survivors (21504K)
 Metaspace       used 129683K, capacity 133413K, committed 133528K, reserved 1165312K
  class space    used 16175K, capacity 17559K, committed 17612K, reserved 1048576K
}
Event: 106.189 GC heap after
{Heap after GC invocations=109 (full 0):
 garbage-first heap   total 430080K, used 247830K [0x0000000080000000, 0x0000000100000000)
  region size 1024K, 20 young (20480K), 20 survivors (20480K)
 Metaspace       used 129683K, capacity 133413K, committed 133528K, reserved 1165312K
  class space    used 16175K, capacity 17559K, committed 17612K, reserved 1048576K
}
Event: 106.848 GC heap before
{Heap before GC invocations=109 (full 0):
 garbage-first heap   total 430080K, used 364566K [0x0000000080000000, 0x0000000100000000)
  region size 1024K, 122 young (124928K), 20 survivors (20480K)
 Metaspace       used 130159K, capacity 133959K, committed 134168K, reserved 1165312K
  class space    used 16240K, capacity 17635K, committed 17740K, reserved 1048576K
}
Event: 106.877 GC heap after
{Heap after GC invocations=110 (full 0):
 garbage-first heap   total 430080K, used 275520K [0x0000000080000000, 0x0000000100000000)
  region size 1024K, 14 young (14336K), 14 survivors (14336K)
 Metaspace       used 130159K, capacity 133959K, committed 134168K, reserved 1165312K
  class space    used 16240K, capacity 17635K, committed 17740K, reserved 1048576K
}
Event: 108.603 GC heap before
{Heap before GC invocations=110 (full 0):
 garbage-first heap   total 430080K, used 358464K [0x0000000080000000, 0x0000000100000000)
  region size 1024K, 96 young (98304K), 14 survivors (14336K)
 Metaspace       used 130701K, capacity 134483K, committed 134680K, reserved 1167360K
  class space    used 16267K, capacity 17679K, committed 17740K, reserved 1048576K
}
Event: 108.610 GC heap after
{Heap after GC invocations=111 (full 0):
 garbage-first heap   total 430080K, used 262912K [0x0000000080000000, 0x0000000100000000)
  region size 1024K, 2 young (2048K), 2 survivors (2048K)
 Metaspace       used 130701K, capacity 134483K, committed 134680K, reserved 1167360K
  class space    used 16267K, capacity 17679K, committed 17740K, reserved 1048576K
}
Event: 113.394 GC heap before
{Heap before GC invocations=111 (full 0):
 garbage-first heap   total 430080K, used 359168K [0x0000000080000000, 0x0000000100000000)
  region size 1024K, 97 young (99328K), 2 survivors (2048K)
 Metaspace       used 132066K, capacity 135989K, committed 136088K, reserved 1167360K
  class space    used 16396K, capacity 17826K, committed 17868K, reserved 1048576K
}
Event: 113.401 GC heap after
{Heap after GC invocations=112 (full 0):
 garbage-first heap   total 430080K, used 266000K [0x0000000080000000, 0x0000000100000000)
  region size 1024K, 5 young (5120K), 5 survivors (5120K)
 Metaspace       used 132066K, capacity 135989K, committed 136088K, reserved 1167360K
  class space    used 16396K, capacity 17826K, committed 17868K, reserved 1048576K
}
Event: 116.293 GC heap before
{Heap before GC invocations=112 (full 0):
 garbage-first heap   total 430080K, used 364304K [0x0000000080000000, 0x0000000100000000)
  region size 1024K, 100 young (102400K), 5 survivors (5120K)
 Metaspace       used 139372K, capacity 143363K, committed 143512K, reserved 1173504K
  class space    used 17282K, capacity 18786K, committed 18892K, reserved 1048576K
}
Event: 116.307 GC heap after
{Heap after GC invocations=113 (full 0):
 garbage-first heap   total 430080K, used 276989K [0x0000000080000000, 0x0000000100000000)
  region size 1024K, 13 young (13312K), 13 survivors (13312K)
 Metaspace       used 139372K, capacity 143363K, committed 143512K, reserved 1173504K
  class space    used 17282K, capacity 18786K, committed 18892K, reserved 1048576K
}
Event: 118.340 GC heap before
{Heap before GC invocations=113 (full 0):
 garbage-first heap   total 430080K, used 367101K [0x0000000080000000, 0x0000000100000000)
  region size 1024K, 98 young (100352K), 13 survivors (13312K)
 Metaspace       used 141424K, capacity 145558K, committed 145688K, reserved 1175552K
  class space    used 17475K, capacity 19012K, committed 19020K, reserved 1048576K
}
Event: 118.361 GC heap after
{Heap after GC invocations=114 (full 0):
 garbage-first heap   total 430080K, used 287253K [0x0000000080000000, 0x0000000100000000)
  region size 1024K, 13 young (13312K), 13 survivors (13312K)
 Metaspace       used 141424K, capacity 145558K, committed 145688K, reserved 1175552K
  class space    used 17475K, capacity 19012K, committed 19020K, reserved 1048576K
}

